   440                                                                        
21.01.105 15:16:49 |    >>>>>>>>>>>>>>>>>>>>SWCom START                       
21.01.105 15:16:49 |D 2,S,1,19200,8,1,N, ,,O,N,UHR,25,C,3,0,0,0,0,0,1,0,0,0,0,
21.01.105 15:16:49 |0                                                         
21.01.105 15:17:26 |P PASSW  @  0 #M    1 #B    0 Q25059 L6                   
21.01.105 15:17:26 |>EDV_HDLC Verbindung kann nicht aufgebaut werden          
21.01.105 15:17:26 |P PASSW  @  0 #M    0 #B    0 Q25059 L6                   
21.01.105 15:17:26 |******************************************                
21.01.105 15:17:26 |>SWC_CLE alle offenen >U<-Befehle suchen                  
21.01.105 15:17:26 |S H PLST    [U PLST] [U PLST.IDX] [H PLST]        /* PLU- 
21.01.105 15:17:26 |U PLST   -1 = Return-code U-Befehl                        
21.01.105 15:17:26 |U PLST.IDX   -1 = Return-code U-Befehl                    
21.01.105 15:17:26 |>SWC_CLE alle offenen >U<-Befehle ENDE                    
21.01.105 15:17:26 |******************************************                
21.01.105 15:17:26 |                       SWCom  END<<<<<<<<<<<<<<<<<<<      
21.01.105 15:17:39 |    >>>>>>>>>>>>>>>>>>>>SWCom START                       
21.01.105 15:17:39 |D 2,S,1,19200,8,1,N, ,,O,N,UHR,25,C,3,0,0,0,0,0,1,0,0,0,0,
21.01.105 15:17:39 |0                                                         
21.01.105 15:17:39 |P PASSW  @  1 #M    1 #B    1 Q    0 L0                   
21.01.105 15:17:39 |N    UHR @  0 #M    1 #B    1 Q    0 L0                   
21.01.105 15:17:39 |H PLST                                                    
21.01.105 15:17:39 |S H PLST    [U PLST] [U PLST.IDX] [H PLST]        /* PLU- 
21.01.105 15:17:39 |U PLST                                                    
21.01.105 15:17:39 |U PLST   -1 = Return-code U-Befehl                        
21.01.105 15:17:39 |U PLST.IDX                                                
21.01.105 15:17:39 |U PLST.IDX   -1 = Return-code U-Befehl                    
21.01.105 15:17:39 |H PLST                                                    
21.01.105 15:17:41 |H   PLST @  0 #M65535 #B    1 Q    0 L0                   
21.01.105 15:17:41 |H   PLST @  0 #M65535 #B    1 Q    0 L0                   
21.01.105 15:17:41 |                       SWCom  END<<<<<<<<<<<<<<<<<<<      
21.01.105 15:19:23 |    >>>>>>>>>>>>>>>>>>>>SWCom START                       
21.01.105 15:19:23 |D 2,S,1,19200,8,1,N, ,,O,N,UHR,25,C,3,0,0,0,0,0,1,0,0,0,0,
21.01.105 15:19:23 |0                                                         
21.01.105 15:19:23 |P PASSW  @  1 #M    1 #B    1 Q    0 L0                   
21.01.105 15:19:24 |N    UHR @  0 #M    1 #B    1 Q    0 L0                   
21.01.105 15:19:24 |H PLST                                                    
21.01.105 15:19:24 |S H PLST    [U PLST] [U PLST.IDX] [H PLST]        /* PLU- 
21.01.105 15:19:24 |U PLST                                                    
21.01.105 15:19:24 |U PLST   0 = Return-code U-Befehl                         
21.01.105 15:19:24 |U PLST.IDX                                                
21.01.105 15:19:24 |U PLST.IDX   -1 = Return-code U-Befehl                    
21.01.105 15:19:24 |H PLST                                                    
21.01.105 15:19:25 |H   PLST @  0 #M65535 #B    1 Q    0 L0                   
21.01.105 15:19:25 |H   PLST @  0 #M65535 #B    1 Q    0 L0                   
21.01.105 15:19:25 |                       SWCom  END<<<<<<<<<<<<<<<<<<<      
21.01.105 15:32:54 |    >>>>>>>>>>>>>>>>>>>>SWCom START                       
21.01.105 15:32:54 |D 2,S,1,19200,8,1,N, ,,O,N,UHR,25,C,3,0,0,0,0,0,1,0,0,0,0,
21.01.105 15:32:54 |0                                                         
21.01.105 15:32:55 |P PASSW  @  1 #M    1 #B    1 Q    0 L0                   
21.01.105 15:32:55 |N    UHR @  0 #M    1 #B    1 Q    0 L0                   
21.01.105 15:32:55 |S PLST                                                    
21.01.105 15:32:55 |S S PLST    [SL PLST]   /* Kassen - Stammdaten            
21.01.105 15:32:55 |SL PLST                                                   
21.01.105 15:35:31 |S   PLST @  0 #M  705 #B  705 Q    0 L0                   
21.01.105 15:35:31 |S   PLST @  0 #M  705 #B  705 Q    0 L0                   
21.01.105 15:35:31 |                       SWCom  END<<<<<<<<<<<<<<<<<<<      
21.01.105 15:39:50 |    >>>>>>>>>>>>>>>>>>>>SWCom START                       
21.01.105 15:39:50 |D 2,S,1,19200,8,1,N, ,,O,N,UHR,25,C,3,0,0,0,0,0,1,0,0,0,0,
21.01.105 15:39:50 |0                                                         
21.01.105 15:39:50 |P PASSW  @  1 #M    1 #B    1 Q    0 L0                   
21.01.105 15:39:50 |N    UHR @  0 #M    1 #B    1 Q    0 L0                   
21.01.105 15:39:50 |H PLST                                                    
21.01.105 15:39:50 |S H PLST    [U PLST] [U PLST.IDX] [H PLST]        /* PLU- 
21.01.105 15:39:50 |U PLST                                                    
21.01.105 15:39:50 |U PLST   0 = Return-code U-Befehl                         
21.01.105 15:39:50 |U PLST.IDX                                                
21.01.105 15:39:50 |U PLST.IDX   -1 = Return-code U-Befehl                    
21.01.105 15:39:50 |H PLST                                                    
21.01.105 15:42:26 |H   PLST @  0 #M65535 #B  705 Q    0 L0                   
21.01.105 15:42:26 |H   PLST @  0 #M65535 #B  705 Q    0 L0                   
21.01.105 15:42:26 |                       SWCom  END<<<<<<<<<<<<<<<<<<<      
21.01.105 15:42:51 |    >>>>>>>>>>>>>>>>>>>>SWCom START                       
21.01.105 15:42:51 |D 2,S,1,19200,8,1,N, ,,O,N,UHR,25,C,3,0,0,0,0,0,1,0,0,0,0,
21.01.105 15:42:51 |0                                                         
21.01.105 15:42:51 |P PASSW  @  1 #M    1 #B    1 Q    0 L0                   
21.01.105 15:42:51 |N    UHR @  0 #M    1 #B    1 Q    0 L0                   
21.01.105 15:42:51 |H PLST                                                    
21.01.105 15:42:51 |S H PLST    [U PLST] [U PLST.IDX] [H PLST]        /* PLU- 
21.01.105 15:42:51 |U PLST                                                    
21.01.105 15:42:51 |U PLST   0 = Return-code U-Befehl                         
21.01.105 15:42:51 |U PLST.IDX                                                
21.01.105 15:42:51 |U PLST.IDX   -1 = Return-code U-Befehl                    
21.01.105 15:42:51 |H PLST                                                    
21.01.105 15:45:27 |H   PLST @  0 #M65535 #B  705 Q    0 L0                   
21.01.105 15:45:27 |H   PLST @  0 #M65535 #B  705 Q    0 L0                   
21.01.105 15:45:27 |                       SWCom  END<<<<<<<<<<<<<<<<<<<      
21.01.105 15:47:50 |    >>>>>>>>>>>>>>>>>>>>SWCom START                       
21.01.105 15:47:50 |D 2,S,1,19200,8,1,N, ,,O,N,UHR,25,C,3,0,0,0,0,0,1,0,0,0,0,
21.01.105 15:47:50 |0                                                         
21.01.105 15:47:51 |P PASSW  @  1 #M    1 #B    1 Q    0 L0                   
21.01.105 15:47:51 |N    UHR @  0 #M    1 #B    1 Q    0 L0                   
21.01.105 15:47:51 |H PLST                                                    
21.01.105 15:47:51 |S H PLST    [U PLST] [U PLST.IDX] [H PLST]        /* PLU- 
21.01.105 15:47:51 |U PLST                                                    
21.01.105 15:47:51 |U PLST   0 = Return-code U-Befehl                         
21.01.105 15:47:51 |U PLST.IDX                                                
21.01.105 15:47:51 |U PLST.IDX   -1 = Return-code U-Befehl                    
21.01.105 15:47:51 |H PLST                                                    
21.01.105 15:50:27 |H   PLST @  0 #M65535 #B  705 Q    0 L0                   
21.01.105 15:50:27 |H   PLST @  0 #M65535 #B  705 Q    0 L0                   
21.01.105 15:50:27 |                       SWCom  END<<<<<<<<<<<<<<<<<<<      
21.01.105 15:52:43 |    >>>>>>>>>>>>>>>>>>>>SWCom START                       
21.01.105 15:52:43 |D 2,S,1,19200,8,1,N, ,,O,N,UHR,25,C,3,0,0,0,0,0,1,0,0,0,0,
21.01.105 15:52:43 |0                                                         
21.01.105 15:52:43 |P PASSW  @  1 #M    1 #B    1 Q    0 L0                   
21.01.105 15:52:43 |N    UHR @  0 #M    1 #B    1 Q    0 L0                   
21.01.105 15:52:43 |H PLST                                                    
21.01.105 15:52:43 |S H PLST    [U PLST] [U PLST.IDX] [H PLST]        /* PLU- 
21.01.105 15:52:43 |U PLST                                                    
21.01.105 15:52:43 |U PLST   0 = Return-code U-Befehl                         
21.01.105 15:52:43 |U PLST.IDX                                                
21.01.105 15:52:43 |U PLST.IDX   -1 = Return-code U-Befehl                    
21.01.105 15:52:43 |H PLST                                                    
21.01.105 15:55:19 |H   PLST @  0 #M65535 #B  705 Q    0 L0                   
21.01.105 15:55:19 |H   PLST @  0 #M65535 #B  705 Q    0 L0                   
21.01.105 15:55:19 |                       SWCom  END<<<<<<<<<<<<<<<<<<<      
21.01.105 16:09:49 |    >>>>>>>>>>>>>>>>>>>>SWCom START                       
21.01.105 16:09:49 |D 2,S,1,19200,8,1,N, ,,O,N,UHR,25,C,3,0,0,0,0,0,1,0,0,0,0,
21.01.105 16:09:49 |0                                                         
21.01.105 16:09:50 |P PASSW  @  1 #M    1 #B    1 Q    0 L0                   
21.01.105 16:09:50 |N    UHR @  0 #M    1 #B    1 Q    0 L0                   
21.01.105 16:09:50 |H PLST                                                    
21.01.105 16:09:50 |S H PLST    [U PLST] [U PLST.IDX] [H PLST]        /* PLU- 
21.01.105 16:09:50 |U PLST                                                    
21.01.105 16:09:50 |U PLST   0 = Return-code U-Befehl                         
21.01.105 16:09:50 |U PLST.IDX                                                
21.01.105 16:09:50 |U PLST.IDX   -1 = Return-code U-Befehl                    
21.01.105 16:09:50 |H PLST                                                    
21.01.105 16:12:25 |H   PLST @  0 #M65535 #B  705 Q    0 L0                   
21.01.105 16:12:25 |H   PLST @  0 #M65535 #B  705 Q    0 L0                   
21.01.105 16:12:25 |                       SWCom  END<<<<<<<<<<<<<<<<<<<      
21.01.105 16:24:28 |    >>>>>>>>>>>>>>>>>>>>SWCom START                       
21.01.105 16:24:28 |D 2,S,1,19200,8,1,N, ,,O,N,UHR,25,C,3,0,0,0,0,0,1,0,0,0,0,
21.01.105 16:24:28 |0                                                         
21.01.105 16:24:29 |P PASSW  @  1 #M    1 #B    1 Q    0 L0                   
21.01.105 16:24:29 |N    UHR @  0 #M    1 #B    1 Q    0 L0                   
21.01.105 16:24:29 |H PLST                                                    
21.01.105 16:24:29 |S H PLST    [U PLST] [U PLST.IDX] [H PLST]        /* PLU- 
21.01.105 16:24:29 |U PLST                                                    
21.01.105 16:24:29 |U PLST   0 = Return-code U-Befehl                         
21.01.105 16:24:29 |U PLST.IDX                                                
21.01.105 16:24:29 |U PLST.IDX   -1 = Return-code U-Befehl                    
21.01.105 16:24:29 |H PLST                                                    
21.01.105 16:27:05 |H   PLST @  0 #M65535 #B  705 Q    0 L0                   
21.01.105 16:27:05 |H   PLST @  0 #M65535 #B  705 Q    0 L0                   
21.01.105 16:27:05 |                       SWCom  END<<<<<<<<<<<<<<<<<<<      
21.01.105 16:32:24 |    >>>>>>>>>>>>>>>>>>>>SWCom START                       
21.01.105 16:32:24 |D 2,S,1,19200,8,1,N, ,,O,N,UHR,25,C,3,0,0,0,0,0,1,0,0,0,0,
21.01.105 16:32:24 |0                                                         
21.01.105 16:32:25 |P PASSW  @  1 #M    1 #B    1 Q    0 L0                   
21.01.105 16:32:25 |N    UHR @  0 #M    1 #B    1 Q    0 L0                   
21.01.105 16:32:25 |H PLST                                                    
21.01.105 16:32:25 |S H PLST    [U PLST] [U PLST.IDX] [H PLST]        /* PLU- 
21.01.105 16:32:25 |U PLST                                                    
21.01.105 16:32:25 |U PLST   0 = Return-code U-Befehl                         
21.01.105 16:32:25 |U PLST.IDX                                                
21.01.105 16:32:25 |U PLST.IDX   -1 = Return-code U-Befehl                    
21.01.105 16:32:25 |H PLST                                                    
21.01.105 16:35:00 |H   PLST @  0 #M65535 #B  705 Q    0 L0                   
21.01.105 16:35:00 |H   PLST @  0 #M65535 #B  705 Q    0 L0                   
21.01.105 16:35:00 |                       SWCom  END<<<<<<<<<<<<<<<<<<<      
21.01.105 17:21:20 |    >>>>>>>>>>>>>>>>>>>>SWCom START                       
21.01.105 17:21:20 |D 2,S,1,19200,8,1,N, ,,O,N,UHR,25,C,3,0,0,0,0,0,1,0,0,0,0,
21.01.105 17:21:20 |0                                                         
21.01.105 17:21:20 |P PASSW  @  1 #M    1 #B    1 Q    0 L0                   
21.01.105 17:21:20 |N    UHR @  0 #M    1 #B    1 Q    0 L0                   
21.01.105 17:21:20 |H PLST                                                    
21.01.105 17:21:20 |S H PLST    [U PLST] [U PLST.IDX] [H PLST]        /* PLU- 
21.01.105 17:21:20 |U PLST                                                    
21.01.105 17:21:20 |U PLST   0 = Return-code U-Befehl                         
21.01.105 17:21:20 |U PLST.IDX                                                
21.01.105 17:21:20 |U PLST.IDX   -1 = Return-code U-Befehl                    
21.01.105 17:21:20 |H PLST                                                    
21.01.105 17:23:55 |H   PLST @  0 #M65535 #B  705 Q    0 L0                   
21.01.105 17:23:55 |H   PLST @  0 #M65535 #B  705 Q    0 L0                   
21.01.105 17:23:55 |                       SWCom  END<<<<<<<<<<<<<<<<<<<      
21.01.105 17:27:13 |    >>>>>>>>>>>>>>>>>>>>SWCom START                       
21.01.105 17:27:13 |D 2,S,1,19200,8,1,N, ,,O,N,UHR,25,C,3,0,0,0,0,0,1,0,0,0,0,
21.01.105 17:27:13 |0                                                         
21.01.105 17:27:14 |P PASSW  @  1 #M    1 #B    1 Q    0 L0                   
21.01.105 17:27:14 |N    UHR @  0 #M    1 #B    1 Q    0 L0                   
21.01.105 17:27:14 |H PLST                                                    
21.01.105 17:27:14 |S H PLST    [U PLST] [U PLST.IDX] [H PLST]        /* PLU- 
21.01.105 17:27:14 |U PLST                                                    
21.01.105 17:27:14 |U PLST   0 = Return-code U-Befehl                         
21.01.105 17:27:14 |U PLST.IDX                                                
21.01.105 17:27:14 |U PLST.IDX   -1 = Return-code U-Befehl                    
21.01.105 17:27:14 |H PLST                                                    
21.01.105 17:29:49 |H   PLST @  0 #M65535 #B  705 Q    0 L0                   
21.01.105 17:29:49 |H   PLST @  0 #M65535 #B  705 Q    0 L0                   
21.01.105 17:29:49 |                       SWCom  END<<<<<<<<<<<<<<<<<<<      
21.01.105 17:41:17 |    >>>>>>>>>>>>>>>>>>>>SWCom START                       
21.01.105 17:41:17 |D 2,S,1,19200,8,1,N, ,,O,N,UHR,25,C,3,0,0,0,0,0,1,0,0,0,0,
21.01.105 17:41:17 |0                                                         
21.01.105 17:41:17 |P PASSW  @  1 #M    1 #B    1 Q    0 L0                   
21.01.105 17:41:18 |N    UHR @  0 #M    1 #B    1 Q    0 L0                   
21.01.105 17:41:18 |H PLST                                                    
21.01.105 17:41:18 |S H PLST    [U PLST] [U PLST.IDX] [H PLST]        /* PLU- 
21.01.105 17:41:18 |U PLST                                                    
21.01.105 17:41:18 |U PLST   0 = Return-code U-Befehl                         
21.01.105 17:41:18 |U PLST.IDX                                                
21.01.105 17:41:18 |U PLST.IDX   -1 = Return-code U-Befehl                    
21.01.105 17:41:18 |H PLST                                                    
21.01.105 17:43:52 |H   PLST @  0 #M65535 #B  705 Q    0 L0                   
21.01.105 17:43:53 |H   PLST @  0 #M65535 #B  705 Q    0 L0                   
21.01.105 17:43:53 |                       SWCom  END<<<<<<<<<<<<<<<<<<<      
21.01.105 17:50:19 |    >>>>>>>>>>>>>>>>>>>>SWCom START                       
21.01.105 17:50:19 |D 2,S,1,19200,8,1,N, ,,O,N,UHR,25,C,3,0,0,0,0,0,1,0,0,0,0,
21.01.105 17:50:19 |0                                                         
21.01.105 17:50:19 |P PASSW  @  1 #M    1 #B    1 Q    0 L0                   
21.01.105 17:50:20 |N    UHR @  0 #M    1 #B    1 Q    0 L0                   
21.01.105 17:50:20 |H PLST                                                    
21.01.105 17:50:20 |S H PLST    [U PLST] [U PLST.IDX] [H PLST]        /* PLU- 
21.01.105 17:50:20 |U PLST                                                    
21.01.105 17:50:20 |U PLST   0 = Return-code U-Befehl                         
21.01.105 17:50:20 |U PLST.IDX                                                
21.01.105 17:50:20 |U PLST.IDX   -1 = Return-code U-Befehl                    
21.01.105 17:50:20 |H PLST                                                    
21.01.105 17:52:55 |H   PLST @  0 #M65535 #B  705 Q    0 L0                   
21.01.105 17:52:55 |H   PLST @  0 #M65535 #B  705 Q    0 L0                   
21.01.105 17:52:55 |                       SWCom  END<<<<<<<<<<<<<<<<<<<      
21.01.105 18:04:26 |    >>>>>>>>>>>>>>>>>>>>SWCom START                       
21.01.105 18:04:26 |D 2,S,1,19200,8,1,N, ,,O,N,UHR,25,C,3,0,0,0,0,0,1,0,0,0,0,
21.01.105 18:04:26 |0                                                         
21.01.105 18:04:26 |P PASSW  @  1 #M    1 #B    1 Q    0 L0                   
21.01.105 18:04:27 |N    UHR @  0 #M    1 #B    1 Q    0 L0                   
21.01.105 18:04:27 |H PLST                                                    
21.01.105 18:04:27 |S H PLST    [U PLST] [U PLST.IDX] [H PLST]        /* PLU- 
21.01.105 18:04:27 |U PLST                                                    
21.01.105 18:04:27 |U PLST   0 = Return-code U-Befehl                         
21.01.105 18:04:27 |U PLST.IDX                                                
21.01.105 18:04:27 |U PLST.IDX   -1 = Return-code U-Befehl                    
21.01.105 18:04:27 |H PLST                                                    
21.01.105 18:07:02 |H   PLST @  0 #M65535 #B  705 Q    0 L0                   
21.01.105 18:07:03 |H   PLST @  0 #M65535 #B  705 Q    0 L0                   
21.01.105 18:07:03 |                       SWCom  END<<<<<<<<<<<<<<<<<<<      
21.01.105 18:14:02 |    >>>>>>>>>>>>>>>>>>>>SWCom START                       
21.01.105 18:14:02 |D 2,S,1,19200,8,1,N, ,,O,N,UHR,25,C,3,0,0,0,0,0,1,0,0,0,0,
21.01.105 18:14:02 |0                                                         
21.01.105 18:14:03 |P PASSW  @  8 #M    1 #B    1 Q    0 L0                   
21.01.105 18:14:03 |N    UHR @  0 #M    1 #B    1 Q    0 L0                   
21.01.105 18:14:03 |S PLST                                                    
21.01.105 18:14:03 |S S PLST    [SL PLST]   /* Kassen - Stammdaten            
21.01.105 18:14:03 |SL PLST                                                   
21.01.105 18:16:39 |S   PLST @  0 #M  705 #B  705 Q    0 L0                   
21.01.105 18:16:39 |S   PLST @  0 #M  705 #B  705 Q    0 L0                   
21.01.105 18:16:39 |                       SWCom  END<<<<<<<<<<<<<<<<<<<      
21.01.105 18:29:10 |    >>>>>>>>>>>>>>>>>>>>SWCom START                       
21.01.105 18:29:10 |D 2,S,1,19200,8,1,N, ,,O,N,UHR,25,C,3,0,0,0,0,0,1,0,0,0,0,
21.01.105 18:29:10 |0                                                         
21.01.105 18:29:10 |P PASSW  @  8 #M    1 #B    1 Q    0 L0                   
21.01.105 18:29:10 |N    UHR @  0 #M    1 #B    1 Q    0 L0                   
21.01.105 18:29:10 |H PLST                                                    
21.01.105 18:29:10 |S H PLST    [U PLST] [U PLST.IDX] [H PLST]        /* PLU- 
21.01.105 18:29:10 |U PLST                                                    
21.01.105 18:29:10 |U PLST   0 = Return-code U-Befehl                         
21.01.105 18:29:10 |U PLST.IDX                                                
21.01.105 18:29:10 |U PLST.IDX   -1 = Return-code U-Befehl                    
21.01.105 18:29:10 |H PLST                                                    
21.01.105 18:31:46 |H   PLST @  0 #M65535 #B  705 Q    0 L0                   
21.01.105 18:31:47 |H   PLST @  0 #M65535 #B  705 Q    0 L0                   
21.01.105 18:31:47 |                       SWCom  END<<<<<<<<<<<<<<<<<<<      
02.02.105 10:12:01 |    >>>>>>>>>>>>>>>>>>>>SWCom START                       
02.02.105 10:12:01 |D 2,S,1,19200,8,1,N, ,,O,N,UHR,25,C,3,0,0,0,0,0,1,0,0,0,0,
02.02.105 10:12:01 |0                                                         
02.02.105 10:12:02 |P PASSW  @  8 #M    1 #B    1 Q    0 L0                   
02.02.105 10:12:02 |N    UHR @  0 #M    1 #B    1 Q    0 L0                   
02.02.105 10:12:02 |S PLST                                                    
02.02.105 10:12:02 |S S PLST    [SL PLST]   /* Kassen - Stammdaten            
02.02.105 10:12:02 |SL PLST                                                   
02.02.105 10:14:38 |S   PLST @  0 #M  705 #B  705 Q    0 L0                   
02.02.105 10:14:38 |S   PLST @  0 #M  705 #B  705 Q    0 L0                   
02.02.105 10:14:38 |                       SWCom  END<<<<<<<<<<<<<<<<<<<      
02.02.105 13:47:09 |    >>>>>>>>>>>>>>>>>>>>SWCom START                       
02.02.105 13:47:09 |D 2,S,1,19200,8,1,N, ,,O,N,UHR,25,C,3,0,0,0,0,0,1,0,0,0,0,
02.02.105 13:47:09 |0                                                         
02.02.105 13:47:10 |P PASSW  @  8 #M    1 #B    1 Q    0 L0                   
02.02.105 13:47:10 |N    UHR @  0 #M    1 #B    1 Q    0 L0                   
02.02.105 13:47:10 |H PLST                                                    
02.02.105 13:47:10 |S H PLST    [U PLST] [U PLST.IDX] [H PLST]        /* PLU- 
02.02.105 13:47:10 |U PLST                                                    
02.02.105 13:47:10 |U PLST   0 = Return-code U-Befehl                         
02.02.105 13:47:10 |U PLST.IDX                                                
02.02.105 13:47:10 |U PLST.IDX   -1 = Return-code U-Befehl                    
02.02.105 13:47:10 |H PLST                                                    
02.02.105 13:49:44 |H   PLST @  0 #M65535 #B  705 Q    0 L0                   
02.02.105 13:49:44 |H   PLST @  0 #M65535 #B  705 Q    0 L0                   
02.02.105 13:49:44 |                       SWCom  END<<<<<<<<<<<<<<<<<<<      
02.02.105 13:56:41 |    >>>>>>>>>>>>>>>>>>>>SWCom START                       
02.02.105 13:56:41 |D 2,S,1,19200,8,1,N, ,,O,N,UHR,25,C,3,0,0,0,0,0,1,0,0,0,0,
02.02.105 13:56:41 |0                                                         
02.02.105 13:56:41 |P PASSW  @  8 #M    1 #B    1 Q    0 L0                   
02.02.105 13:56:42 |N    UHR @  0 #M    1 #B    1 Q    0 L0                   
02.02.105 13:56:42 |H PLST                                                    
02.02.105 13:56:42 |S H PLST    [U PLST] [U PLST.IDX] [H PLST]        /* PLU- 
02.02.105 13:56:42 |U PLST                                                    
02.02.105 13:56:42 |U PLST   0 = Return-code U-Befehl                         
02.02.105 13:56:42 |U PLST.IDX                                                
02.02.105 13:56:42 |U PLST.IDX   -1 = Return-code U-Befehl                    
02.02.105 13:56:42 |H PLST                                                    
02.02.105 13:59:16 |H   PLST @  0 #M65535 #B  705 Q    0 L0                   
02.02.105 13:59:16 |H   PLST @  0 #M65535 #B  705 Q    0 L0                   
02.02.105 13:59:16 |                       SWCom  END<<<<<<<<<<<<<<<<<<<      
02.02.105 19:27:10 |    >>>>>>>>>>>>>>>>>>>>SWCom START                       
02.02.105 19:27:10 |D 2,S,1,19200,8,1,N, ,,O,N,UHR,25,C,3,0,0,0,0,0,1,0,0,0,0,
02.02.105 19:27:10 |0                                                         
02.02.105 19:27:10 |P PASSW  @  8 #M    1 #B    1 Q    0 L0                   
02.02.105 19:27:10 |N    UHR @  0 #M    1 #B    1 Q    0 L0                   
02.02.105 19:27:10 |H PLSF                                                    
02.02.105 19:27:10 |S H PLSF    [U PLSF] [U PLSF.IDX] [H PLSF]        /* PLU- 
02.02.105 19:27:10 |U PLSF                                                    
02.02.105 19:27:10 |U PLSF   -1 = Return-code U-Befehl                        
02.02.105 19:27:10 |U PLSF.IDX                                                
02.02.105 19:27:10 |U PLSF.IDX   -1 = Return-code U-Befehl                    
02.02.105 19:27:10 |H PLSF                                                    
02.02.105 19:27:12 |H   PLSF @  0 #M65535 #B   10 Q    0 L0                   
02.02.105 19:27:13 |H   PLSF @  0 #M65535 #B   10 Q    0 L0                   
02.02.105 19:27:13 |                       SWCom  END<<<<<<<<<<<<<<<<<<<      
02.02.105 19:35:47 |    >>>>>>>>>>>>>>>>>>>>SWCom START                       
02.02.105 19:35:47 |D 2,S,1,19200,8,1,N, ,,O,N,UHR,25,C,3,0,0,0,0,0,1,0,0,0,0,
02.02.105 19:35:47 |0                                                         
02.02.105 19:35:47 |P PASSW  @  8 #M    1 #B    1 Q    0 L0                   
02.02.105 19:35:47 |N    UHR @  0 #M    1 #B    1 Q    0 L0                   
02.02.105 19:35:47 |H PLSF                                                    
02.02.105 19:35:47 |S H PLSF    [U PLSF] [U PLSF.IDX] [H PLSF]        /* PLU- 
02.02.105 19:35:47 |U PLSF                                                    
02.02.105 19:35:47 |U PLSF   0 = Return-code U-Befehl                         
02.02.105 19:35:47 |U PLSF.IDX                                                
02.02.105 19:35:47 |U PLSF.IDX   -1 = Return-code U-Befehl                    
02.02.105 19:35:47 |H PLSF                                                    
02.02.105 19:35:49 |H   PLSF @  0 #M65535 #B   10 Q    0 L0                   
02.02.105 19:35:49 |H   PLSF @  0 #M65535 #B   10 Q    0 L0                   
02.02.105 19:35:49 |                       SWCom  END<<<<<<<<<<<<<<<<<<<      
02.02.105 20:09:07 |    >>>>>>>>>>>>>>>>>>>>SWCom START                       
02.02.105 20:09:07 |D 2,S,1,19200,8,1,N, ,,O,N,UHR,25,C,3,0,0,0,0,0,1,0,0,0,0,
02.02.105 20:09:07 |0                                                         
02.02.105 20:09:07 |P PASSW  @  8 #M    1 #B    1 Q    0 L0                   
02.02.105 20:09:08 |N    UHR @  0 #M    1 #B    1 Q    0 L0                   
02.02.105 20:09:08 |H PLSF                                                    
02.02.105 20:09:08 |S H PLSF    [U PLSF] [U PLSF.IDX] [H PLSF]        /* PLU- 
02.02.105 20:09:08 |U PLSF                                                    
02.02.105 20:09:08 |U PLSF   0 = Return-code U-Befehl                         
02.02.105 20:09:08 |U PLSF.IDX                                                
02.02.105 20:09:08 |U PLSF.IDX   -1 = Return-code U-Befehl                    
02.02.105 20:09:08 |H PLSF                                                    
02.02.105 20:09:10 |H   PLSF @  0 #M65535 #B   10 Q    0 L0                   
02.02.105 20:09:10 |H   PLSF @  0 #M65535 #B   10 Q    0 L0                   
02.02.105 20:09:10 |                       SWCom  END<<<<<<<<<<<<<<<<<<<      
02.02.105 21:42:57 |    >>>>>>>>>>>>>>>>>>>>SWCom START                       
02.02.105 21:42:57 |D 2,S,1,19200,8,1,N, ,,O,N,UHR,25,C,3,0,0,0,0,0,1,0,0,0,0,
02.02.105 21:42:57 |0                                                         
02.02.105 21:42:57 |P PASSW  @  4 #M    1 #B    1 Q    0 L0                   
02.02.105 21:42:57 |N    UHR @  0 #M    1 #B    1 Q    0 L0                   
02.02.105 21:42:57 |S PLSF                                                    
02.02.105 21:42:57 |S S PLSF    [SL PLSF]       /* PLU- Preisstaffel          
02.02.105 21:42:57 |SL PLSF                                                   
02.02.105 21:43:43 |S   PLSF @  0 #M  215 #B  215 Q    0 L0                   
02.02.105 21:43:43 |S   PLSF @  0 #M  215 #B  215 Q    0 L0                   
02.02.105 21:43:43 |                       SWCom  END<<<<<<<<<<<<<<<<<<<      
02.02.105 21:45:29 |    >>>>>>>>>>>>>>>>>>>>SWCom START                       
02.02.105 21:45:29 |D 2,S,1,19200,8,1,N, ,,O,N,UHR,25,C,3,0,0,0,0,0,1,0,0,0,0,
02.02.105 21:45:29 |0                                                         
02.02.105 21:45:29 |P PASSW  @  4 #M    1 #B    1 Q    0 L0                   
02.02.105 21:45:29 |N    UHR @  0 #M    1 #B    1 Q    0 L0                   
02.02.105 21:45:29 |S PLSF                                                    
02.02.105 21:45:29 |S S PLSF    [SL PLSF]       /* PLU- Preisstaffel          
02.02.105 21:45:29 |SL PLSF                                                   
02.02.105 21:46:15 |S   PLSF @  0 #M  215 #B  215 Q    0 L0                   
02.02.105 21:46:15 |S   PLSF @  0 #M  215 #B  215 Q    0 L0                   
02.02.105 21:46:15 |                       SWCom  END<<<<<<<<<<<<<<<<<<<      
02.02.105 21:47:46 |    >>>>>>>>>>>>>>>>>>>>SWCom START                       
02.02.105 21:47:46 |D 2,S,1,19200,8,1,N, ,,O,N,UHR,25,C,3,0,0,0,0,0,1,0,0,0,0,
02.02.105 21:47:46 |0                                                         
02.02.105 21:47:46 |P PASSW  @  4 #M    1 #B    1 Q    0 L0                   
02.02.105 21:47:46 |N    UHR @  0 #M    1 #B    1 Q    0 L0                   
02.02.105 21:47:46 |S PLSF                                                    
02.02.105 21:47:46 |S S PLSF    [SL PLSF]       /* PLU- Preisstaffel          
02.02.105 21:47:46 |SL PLSF                                                   
02.02.105 21:48:32 |S   PLSF @  0 #M  215 #B  215 Q    0 L0                   
02.02.105 21:48:32 |S   PLSF @  0 #M  215 #B  215 Q    0 L0                   
02.02.105 21:48:32 |                       SWCom  END<<<<<<<<<<<<<<<<<<<      
16.02.105 20:26:51 |    >>>>>>>>>>>>>>>>>>>>SWCom START                       
16.02.105 20:26:51 |D 2,S,1,19200,8,1,N, ,,O,N,UHR,25,C,3,0,0,0,0,0,1,0,0,0,0,
16.02.105 20:26:51 |0                                                         
16.02.105 20:26:51 |P PASSW  @  6 #M    1 #B    1 Q    0 L0                   
16.02.105 20:26:52 |N    UHR @  0 #M    1 #B    1 Q    0 L0                   
16.02.105 20:26:52 |S PLSF                                                    
16.02.105 20:26:52 |S S PLSF    [SL PLSF]       /* PLU- Preisstaffel          
16.02.105 20:26:52 |SL PLSF                                                   
16.02.105 20:27:38 |S   PLSF @  0 #M  220 #B  220 Q    0 L0                   
16.02.105 20:27:38 |S   PLSF @  0 #M  220 #B  220 Q    0 L0                   
16.02.105 20:27:38 |                       SWCom  END<<<<<<<<<<<<<<<<<<<      
02.03.105 13:44:48 |    >>>>>>>>>>>>>>>>>>>>SWCom START                       
02.03.105 13:44:48 |D 2,S,1,19200,8,1,N, ,,O,N,UHR,25,C,3,0,0,0,0,0,1,0,0,0,0,
02.03.105 13:44:48 |0                                                         
02.03.105 13:44:49 |P PASSW  @ 11 #M    1 #B    1 Q    0 L0                   
02.03.105 13:44:49 |N    UHR @  0 #M    1 #B    1 Q    0 L0                   
02.03.105 13:44:49 |S PLSF                                                    
02.03.105 13:44:49 |S S PLSF    [SL PLSF]       /* PLU- Preisstaffel          
02.03.105 13:44:49 |SL PLSF                                                   
02.03.105 13:45:35 |S   PLSF @  0 #M  220 #B  220 Q    0 L0                   
02.03.105 13:45:35 |S   PLSF @  0 #M  220 #B  220 Q    0 L0                   
02.03.105 13:45:35 |                       SWCom  END<<<<<<<<<<<<<<<<<<<      
21.03.105 18:56:42 |    >>>>>>>>>>>>>>>>>>>>SWCom START                       
21.03.105 18:56:42 |D 2,S,1,19200,8,1,N, ,,O,N,UHR,25,C,3,0,0,0,0,0,1,0,0,0,0,
21.03.105 18:56:42 |0                                                         
21.03.105 18:56:42 |P PASSW  @ 11 #M    1 #B    1 Q    0 L0                   
21.03.105 18:56:43 |N    UHR @  0 #M    1 #B    1 Q    0 L0                   
21.03.105 18:56:43 |H PLSF                                                    
21.03.105 18:56:43 |S H PLSF    [U PLSF] [U PLSF.IDX] [H PLSF]        /* PLU- 
21.03.105 18:56:43 |U PLSF                                                    
21.03.105 18:56:43 |U PLSF   0 = Return-code U-Befehl                         
21.03.105 18:56:43 |U PLSF.IDX                                                
21.03.105 18:56:43 |U PLSF.IDX   -1 = Return-code U-Befehl                    
21.03.105 18:56:43 |H PLSF                                                    
21.03.105 18:57:18 |H   PLSF @  0 #M65535 #B  235 Q    0 L0                   
21.03.105 18:57:18 |H   PLSF @  0 #M65535 #B  235 Q    0 L0                   
21.03.105 18:57:18 |                       SWCom  END<<<<<<<<<<<<<<<<<<<      
25.07.105 11:30:58 |    >>>>>>>>>>>>>>>>>>>>SWCom START                       
25.07.105 11:30:58 |D 2,S,1,19200,8,1,N, ,,O,N,UHR,25,C,3,0,0,0,0,0,1,0,0,0,0,
25.07.105 11:30:58 |0                                                         
25.07.105 11:30:58 |P PASSW  @  4 #M    1 #B    1 Q    0 L0                   
25.07.105 11:30:58 |N    UHR @  0 #M    1 #B    1 Q    0 L0                   
25.07.105 11:30:58 |S PLSF                                                    
25.07.105 11:30:58 |S S PLSF    [SL PLSF]       /* PLU- Preisstaffel          
25.07.105 11:30:58 |SL PLSF                                                   
25.07.105 11:31:54 |S   PLSF @  0 #M  265 #B  265 Q    0 L0                   
25.07.105 11:31:54 |S   PLSF @  0 #M  265 #B  265 Q    0 L0                   
25.07.105 11:31:54 |                       SWCom  END<<<<<<<<<<<<<<<<<<<      
05.10.105 19:19:12 |    >>>>>>>>>>>>>>>>>>>>SWCom START                       
05.10.105 19:19:12 |D 2,S,1,19200,8,1,N, ,,O,N,UHR,25,C,3,0,0,0,0,0,1,0,0,0,0,
05.10.105 19:19:12 |0                                                         
05.10.105 19:19:13 |P PASSW  @  6 #M    1 #B    1 Q    0 L0                   
05.10.105 19:19:13 |N    UHR @  0 #M    1 #B    1 Q    0 L0                   
05.10.105 19:19:13 |S PLSF                                                    
05.10.105 19:19:13 |S S PLSF    [SL PLSF]       /* PLU- Preisstaffel          
05.10.105 19:19:13 |SL PLSF                                                   
05.10.105 19:20:09 |S   PLSF @  0 #M  265 #B  265 Q    0 L0                   
05.10.105 19:20:09 |S   PLSF @  0 #M  265 #B  265 Q    0 L0                   
05.10.105 19:20:09 |                       SWCom  END<<<<<<<<<<<<<<<<<<<      
