   403                                                                        
21.01.105 15:16:49 |    >>>>>>>>>>>>>>>>>>>>SWCom START                       
21.01.105 15:16:49 |D 2,S,1,19200,8,1,N, ,,O,N,UHR,25,C,3,0,0,0,0,0,1,0,0,0,0,
21.01.105 15:16:49 |0                                                         
21.01.105 15:17:26 |P PASSW  @  0 #M    1 #B    0 Q25059 L6                   
21.01.105 15:17:26 |>EDV_HDLC Verbindung kann nicht aufgebaut werden          
21.01.105 15:17:26 |P PASSW  @  0 #M    0 #B    0 Q25059 L6                   
21.01.105 15:17:26 |******************************************                
21.01.105 15:17:26 |>SWC_CLE alle offenen >U<-Befehle suchen                  
21.01.105 15:17:26 |S H PLST    [U PLST] [U PLST.IDX] [H PLST]        /* PLU- 
21.01.105 15:17:26 |U PLST   -1 = Return-code U-Befehl                        
21.01.105 15:17:26 |U PLST.IDX   -1 = Return-code U-Befehl                    
21.01.105 15:17:26 |>SWC_CLE alle offenen >U<-Befehle ENDE                    
21.01.105 15:17:26 |******************************************                
21.01.105 15:17:26 |                       SWCom  END<<<<<<<<<<<<<<<<<<<      
21.01.105 15:17:39 |    >>>>>>>>>>>>>>>>>>>>SWCom START                       
21.01.105 15:17:39 |D 2,S,1,19200,8,1,N, ,,O,N,UHR,25,C,3,0,0,0,0,0,1,0,0,0,0,
21.01.105 15:17:39 |0                                                         
21.01.105 15:17:39 |P PASSW  @  1 #M    1 #B    1 Q    0 L0                   
21.01.105 15:17:39 |N    UHR @  0 #M    1 #B    1 Q    0 L0                   
21.01.105 15:17:39 |H PLST                                                    
21.01.105 15:17:39 |S H PLST    [U PLST] [U PLST.IDX] [H PLST]        /* PLU- 
21.01.105 15:17:39 |U PLST                                                    
21.01.105 15:17:39 |U PLST   -1 = Return-code U-Befehl                        
21.01.105 15:17:39 |U PLST.IDX                                                
21.01.105 15:17:39 |U PLST.IDX   -1 = Return-code U-Befehl                    
21.01.105 15:17:39 |H PLST                                                    
21.01.105 15:17:41 |H   PLST @  0 #M65535 #B    1 Q    0 L0                   
21.01.105 15:17:41 |H   PLST @  0 #M65535 #B    1 Q    0 L0                   
21.01.105 15:17:41 |                       SWCom  END<<<<<<<<<<<<<<<<<<<      
21.01.105 15:19:23 |    >>>>>>>>>>>>>>>>>>>>SWCom START                       
21.01.105 15:19:23 |D 2,S,1,19200,8,1,N, ,,O,N,UHR,25,C,3,0,0,0,0,0,1,0,0,0,0,
21.01.105 15:19:23 |0                                                         
21.01.105 15:19:23 |P PASSW  @  1 #M    1 #B    1 Q    0 L0                   
21.01.105 15:19:24 |N    UHR @  0 #M    1 #B    1 Q    0 L0                   
21.01.105 15:19:24 |H PLST                                                    
21.01.105 15:19:24 |S H PLST    [U PLST] [U PLST.IDX] [H PLST]        /* PLU- 
21.01.105 15:19:24 |U PLST                                                    
21.01.105 15:19:24 |U PLST   0 = Return-code U-Befehl                         
21.01.105 15:19:24 |U PLST.IDX                                                
21.01.105 15:19:24 |U PLST.IDX   -1 = Return-code U-Befehl                    
21.01.105 15:19:24 |H PLST                                                    
21.01.105 15:19:25 |H   PLST @  0 #M65535 #B    1 Q    0 L0                   
21.01.105 15:19:25 |H   PLST @  0 #M65535 #B    1 Q    0 L0                   
21.01.105 15:19:25 |                       SWCom  END<<<<<<<<<<<<<<<<<<<      
21.01.105 15:32:54 |    >>>>>>>>>>>>>>>>>>>>SWCom START                       
21.01.105 15:32:54 |D 2,S,1,19200,8,1,N, ,,O,N,UHR,25,C,3,0,0,0,0,0,1,0,0,0,0,
21.01.105 15:32:54 |0                                                         
21.01.105 15:32:55 |P PASSW  @  1 #M    1 #B    1 Q    0 L0                   
21.01.105 15:32:55 |N    UHR @  0 #M    1 #B    1 Q    0 L0                   
21.01.105 15:32:55 |S PLST                                                    
21.01.105 15:32:55 |S S PLST    [SL PLST]   /* Kassen - Stammdaten            
21.01.105 15:32:55 |SL PLST                                                   
21.01.105 15:35:31 |S   PLST @  0 #M  705 #B  705 Q    0 L0                   
21.01.105 15:35:31 |S   PLST @  0 #M  705 #B  705 Q    0 L0                   
21.01.105 15:35:31 |                       SWCom  END<<<<<<<<<<<<<<<<<<<      
21.01.105 15:39:50 |    >>>>>>>>>>>>>>>>>>>>SWCom START                       
21.01.105 15:39:50 |D 2,S,1,19200,8,1,N, ,,O,N,UHR,25,C,3,0,0,0,0,0,1,0,0,0,0,
21.01.105 15:39:50 |0                                                         
21.01.105 15:39:50 |P PASSW  @  1 #M    1 #B    1 Q    0 L0                   
21.01.105 15:39:50 |N    UHR @  0 #M    1 #B    1 Q    0 L0                   
21.01.105 15:39:50 |H PLST                                                    
21.01.105 15:39:50 |S H PLST    [U PLST] [U PLST.IDX] [H PLST]        /* PLU- 
21.01.105 15:39:50 |U PLST                                                    
21.01.105 15:39:50 |U PLST   0 = Return-code U-Befehl                         
21.01.105 15:39:50 |U PLST.IDX                                                
21.01.105 15:39:50 |U PLST.IDX   -1 = Return-code U-Befehl                    
21.01.105 15:39:50 |H PLST                                                    
21.01.105 15:42:26 |H   PLST @  0 #M65535 #B  705 Q    0 L0                   
21.01.105 15:42:26 |H   PLST @  0 #M65535 #B  705 Q    0 L0                   
21.01.105 15:42:26 |                       SWCom  END<<<<<<<<<<<<<<<<<<<      
21.01.105 15:42:51 |    >>>>>>>>>>>>>>>>>>>>SWCom START                       
21.01.105 15:42:51 |D 2,S,1,19200,8,1,N, ,,O,N,UHR,25,C,3,0,0,0,0,0,1,0,0,0,0,
21.01.105 15:42:51 |0                                                         
21.01.105 15:42:51 |P PASSW  @  1 #M    1 #B    1 Q    0 L0                   
21.01.105 15:42:51 |N    UHR @  0 #M    1 #B    1 Q    0 L0                   
21.01.105 15:42:51 |H PLST                                                    
21.01.105 15:42:51 |S H PLST    [U PLST] [U PLST.IDX] [H PLST]        /* PLU- 
21.01.105 15:42:51 |U PLST                                                    
21.01.105 15:42:51 |U PLST   0 = Return-code U-Befehl                         
21.01.105 15:42:51 |U PLST.IDX                                                
21.01.105 15:42:51 |U PLST.IDX   -1 = Return-code U-Befehl                    
21.01.105 15:42:51 |H PLST                                                    
21.01.105 15:45:27 |H   PLST @  0 #M65535 #B  705 Q    0 L0                   
21.01.105 15:45:27 |H   PLST @  0 #M65535 #B  705 Q    0 L0                   
21.01.105 15:45:27 |                       SWCom  END<<<<<<<<<<<<<<<<<<<      
21.01.105 15:47:50 |    >>>>>>>>>>>>>>>>>>>>SWCom START                       
21.01.105 15:47:50 |D 2,S,1,19200,8,1,N, ,,O,N,UHR,25,C,3,0,0,0,0,0,1,0,0,0,0,
21.01.105 15:47:50 |0                                                         
21.01.105 15:47:51 |P PASSW  @  1 #M    1 #B    1 Q    0 L0                   
21.01.105 15:47:51 |N    UHR @  0 #M    1 #B    1 Q    0 L0                   
21.01.105 15:47:51 |H PLST                                                    
21.01.105 15:47:51 |S H PLST    [U PLST] [U PLST.IDX] [H PLST]        /* PLU- 
21.01.105 15:47:51 |U PLST                                                    
21.01.105 15:47:51 |U PLST   0 = Return-code U-Befehl                         
21.01.105 15:47:51 |U PLST.IDX                                                
21.01.105 15:47:51 |U PLST.IDX   -1 = Return-code U-Befehl                    
21.01.105 15:47:51 |H PLST                                                    
21.01.105 15:50:27 |H   PLST @  0 #M65535 #B  705 Q    0 L0                   
21.01.105 15:50:27 |H   PLST @  0 #M65535 #B  705 Q    0 L0                   
21.01.105 15:50:27 |                       SWCom  END<<<<<<<<<<<<<<<<<<<      
21.01.105 15:52:43 |    >>>>>>>>>>>>>>>>>>>>SWCom START                       
21.01.105 15:52:43 |D 2,S,1,19200,8,1,N, ,,O,N,UHR,25,C,3,0,0,0,0,0,1,0,0,0,0,
21.01.105 15:52:43 |0                                                         
21.01.105 15:52:43 |P PASSW  @  1 #M    1 #B    1 Q    0 L0                   
21.01.105 15:52:43 |N    UHR @  0 #M    1 #B    1 Q    0 L0                   
21.01.105 15:52:43 |H PLST                                                    
21.01.105 15:52:43 |S H PLST    [U PLST] [U PLST.IDX] [H PLST]        /* PLU- 
21.01.105 15:52:43 |U PLST                                                    
21.01.105 15:52:43 |U PLST   0 = Return-code U-Befehl                         
21.01.105 15:52:43 |U PLST.IDX                                                
21.01.105 15:52:43 |U PLST.IDX   -1 = Return-code U-Befehl                    
21.01.105 15:52:43 |H PLST                                                    
21.01.105 15:55:19 |H   PLST @  0 #M65535 #B  705 Q    0 L0                   
21.01.105 15:55:19 |H   PLST @  0 #M65535 #B  705 Q    0 L0                   
21.01.105 15:55:19 |                       SWCom  END<<<<<<<<<<<<<<<<<<<      
21.01.105 16:09:49 |    >>>>>>>>>>>>>>>>>>>>SWCom START                       
21.01.105 16:09:49 |D 2,S,1,19200,8,1,N, ,,O,N,UHR,25,C,3,0,0,0,0,0,1,0,0,0,0,
21.01.105 16:09:49 |0                                                         
21.01.105 16:09:50 |P PASSW  @  1 #M    1 #B    1 Q    0 L0                   
21.01.105 16:09:50 |N    UHR @  0 #M    1 #B    1 Q    0 L0                   
21.01.105 16:09:50 |H PLST                                                    
21.01.105 16:09:50 |S H PLST    [U PLST] [U PLST.IDX] [H PLST]        /* PLU- 
21.01.105 16:09:50 |U PLST                                                    
21.01.105 16:09:50 |U PLST   0 = Return-code U-Befehl                         
21.01.105 16:09:50 |U PLST.IDX                                                
21.01.105 16:09:50 |U PLST.IDX   -1 = Return-code U-Befehl                    
21.01.105 16:09:50 |H PLST                                                    
21.01.105 16:12:25 |H   PLST @  0 #M65535 #B  705 Q    0 L0                   
21.01.105 16:12:25 |H   PLST @  0 #M65535 #B  705 Q    0 L0                   
21.01.105 16:12:25 |                       SWCom  END<<<<<<<<<<<<<<<<<<<      
21.01.105 16:24:28 |    >>>>>>>>>>>>>>>>>>>>SWCom START                       
21.01.105 16:24:28 |D 2,S,1,19200,8,1,N, ,,O,N,UHR,25,C,3,0,0,0,0,0,1,0,0,0,0,
21.01.105 16:24:28 |0                                                         
21.01.105 16:24:29 |P PASSW  @  1 #M    1 #B    1 Q    0 L0                   
21.01.105 16:24:29 |N    UHR @  0 #M    1 #B    1 Q    0 L0                   
21.01.105 16:24:29 |H PLST                                                    
21.01.105 16:24:29 |S H PLST    [U PLST] [U PLST.IDX] [H PLST]        /* PLU- 
21.01.105 16:24:29 |U PLST                                                    
21.01.105 16:24:29 |U PLST   0 = Return-code U-Befehl                         
21.01.105 16:24:29 |U PLST.IDX                                                
21.01.105 16:24:29 |U PLST.IDX   -1 = Return-code U-Befehl                    
21.01.105 16:24:29 |H PLST                                                    
21.01.105 16:27:05 |H   PLST @  0 #M65535 #B  705 Q    0 L0                   
21.01.105 16:27:05 |H   PLST @  0 #M65535 #B  705 Q    0 L0                   
21.01.105 16:27:05 |                       SWCom  END<<<<<<<<<<<<<<<<<<<      
21.01.105 16:32:24 |    >>>>>>>>>>>>>>>>>>>>SWCom START                       
21.01.105 16:32:24 |D 2,S,1,19200,8,1,N, ,,O,N,UHR,25,C,3,0,0,0,0,0,1,0,0,0,0,
21.01.105 16:32:24 |0                                                         
21.01.105 16:32:25 |P PASSW  @  1 #M    1 #B    1 Q    0 L0                   
21.01.105 16:32:25 |N    UHR @  0 #M    1 #B    1 Q    0 L0                   
21.01.105 16:32:25 |H PLST                                                    
21.01.105 16:32:25 |S H PLST    [U PLST] [U PLST.IDX] [H PLST]        /* PLU- 
21.01.105 16:32:25 |U PLST                                                    
21.01.105 16:32:25 |U PLST   0 = Return-code U-Befehl                         
21.01.105 16:32:25 |U PLST.IDX                                                
21.01.105 16:32:25 |U PLST.IDX   -1 = Return-code U-Befehl                    
21.01.105 16:32:25 |H PLST                                                    
21.01.105 16:35:00 |H   PLST @  0 #M65535 #B  705 Q    0 L0                   
21.01.105 16:35:00 |H   PLST @  0 #M65535 #B  705 Q    0 L0                   
21.01.105 16:35:00 |                       SWCom  END<<<<<<<<<<<<<<<<<<<      
21.01.105 17:21:20 |    >>>>>>>>>>>>>>>>>>>>SWCom START                       
21.01.105 17:21:20 |D 2,S,1,19200,8,1,N, ,,O,N,UHR,25,C,3,0,0,0,0,0,1,0,0,0,0,
21.01.105 17:21:20 |0                                                         
21.01.105 17:21:20 |P PASSW  @  1 #M    1 #B    1 Q    0 L0                   
21.01.105 17:21:20 |N    UHR @  0 #M    1 #B    1 Q    0 L0                   
21.01.105 17:21:20 |H PLST                                                    
21.01.105 17:21:20 |S H PLST    [U PLST] [U PLST.IDX] [H PLST]        /* PLU- 
21.01.105 17:21:20 |U PLST                                                    
21.01.105 17:21:20 |U PLST   0 = Return-code U-Befehl                         
21.01.105 17:21:20 |U PLST.IDX                                                
21.01.105 17:21:20 |U PLST.IDX   -1 = Return-code U-Befehl                    
21.01.105 17:21:20 |H PLST                                                    
21.01.105 17:23:55 |H   PLST @  0 #M65535 #B  705 Q    0 L0                   
21.01.105 17:23:55 |H   PLST @  0 #M65535 #B  705 Q    0 L0                   
21.01.105 17:23:55 |                       SWCom  END<<<<<<<<<<<<<<<<<<<      
21.01.105 17:27:13 |    >>>>>>>>>>>>>>>>>>>>SWCom START                       
21.01.105 17:27:13 |D 2,S,1,19200,8,1,N, ,,O,N,UHR,25,C,3,0,0,0,0,0,1,0,0,0,0,
21.01.105 17:27:13 |0                                                         
21.01.105 17:27:14 |P PASSW  @  1 #M    1 #B    1 Q    0 L0                   
21.01.105 17:27:14 |N    UHR @  0 #M    1 #B    1 Q    0 L0                   
21.01.105 17:27:14 |H PLST                                                    
21.01.105 17:27:14 |S H PLST    [U PLST] [U PLST.IDX] [H PLST]        /* PLU- 
21.01.105 17:27:14 |U PLST                                                    
21.01.105 17:27:14 |U PLST   0 = Return-code U-Befehl                         
21.01.105 17:27:14 |U PLST.IDX                                                
21.01.105 17:27:14 |U PLST.IDX   -1 = Return-code U-Befehl                    
21.01.105 17:27:14 |H PLST                                                    
21.01.105 17:29:49 |H   PLST @  0 #M65535 #B  705 Q    0 L0                   
21.01.105 17:29:49 |H   PLST @  0 #M65535 #B  705 Q    0 L0                   
21.01.105 17:29:49 |                       SWCom  END<<<<<<<<<<<<<<<<<<<      
21.01.105 17:41:17 |    >>>>>>>>>>>>>>>>>>>>SWCom START                       
21.01.105 17:41:17 |D 2,S,1,19200,8,1,N, ,,O,N,UHR,25,C,3,0,0,0,0,0,1,0,0,0,0,
21.01.105 17:41:17 |0                                                         
21.01.105 17:41:17 |P PASSW  @  1 #M    1 #B    1 Q    0 L0                   
21.01.105 17:41:18 |N    UHR @  0 #M    1 #B    1 Q    0 L0                   
21.01.105 17:41:18 |H PLST                                                    
21.01.105 17:41:18 |S H PLST    [U PLST] [U PLST.IDX] [H PLST]        /* PLU- 
21.01.105 17:41:18 |U PLST                                                    
21.01.105 17:41:18 |U PLST   0 = Return-code U-Befehl                         
21.01.105 17:41:18 |U PLST.IDX                                                
21.01.105 17:41:18 |U PLST.IDX   -1 = Return-code U-Befehl                    
21.01.105 17:41:18 |H PLST                                                    
21.01.105 17:43:52 |H   PLST @  0 #M65535 #B  705 Q    0 L0                   
21.01.105 17:43:53 |H   PLST @  0 #M65535 #B  705 Q    0 L0                   
21.01.105 17:43:53 |                       SWCom  END<<<<<<<<<<<<<<<<<<<      
21.01.105 17:50:19 |    >>>>>>>>>>>>>>>>>>>>SWCom START                       
21.01.105 17:50:19 |D 2,S,1,19200,8,1,N, ,,O,N,UHR,25,C,3,0,0,0,0,0,1,0,0,0,0,
21.01.105 17:50:19 |0                                                         
21.01.105 17:50:19 |P PASSW  @  1 #M    1 #B    1 Q    0 L0                   
21.01.105 17:50:20 |N    UHR @  0 #M    1 #B    1 Q    0 L0                   
21.01.105 17:50:20 |H PLST                                                    
21.01.105 17:50:20 |S H PLST    [U PLST] [U PLST.IDX] [H PLST]        /* PLU- 
21.01.105 17:50:20 |U PLST                                                    
21.01.105 17:50:20 |U PLST   0 = Return-code U-Befehl                         
21.01.105 17:50:20 |U PLST.IDX                                                
21.01.105 17:50:20 |U PLST.IDX   -1 = Return-code U-Befehl                    
21.01.105 17:50:20 |H PLST                                                    
21.01.105 17:52:55 |H   PLST @  0 #M65535 #B  705 Q    0 L0                   
21.01.105 17:52:55 |H   PLST @  0 #M65535 #B  705 Q    0 L0                   
21.01.105 17:52:55 |                       SWCom  END<<<<<<<<<<<<<<<<<<<      
21.01.105 18:04:26 |    >>>>>>>>>>>>>>>>>>>>SWCom START                       
21.01.105 18:04:26 |D 2,S,1,19200,8,1,N, ,,O,N,UHR,25,C,3,0,0,0,0,0,1,0,0,0,0,
21.01.105 18:04:26 |0                                                         
21.01.105 18:04:26 |P PASSW  @  1 #M    1 #B    1 Q    0 L0                   
21.01.105 18:04:27 |N    UHR @  0 #M    1 #B    1 Q    0 L0                   
21.01.105 18:04:27 |H PLST                                                    
21.01.105 18:04:27 |S H PLST    [U PLST] [U PLST.IDX] [H PLST]        /* PLU- 
21.01.105 18:04:27 |U PLST                                                    
21.01.105 18:04:27 |U PLST   0 = Return-code U-Befehl                         
21.01.105 18:04:27 |U PLST.IDX                                                
21.01.105 18:04:27 |U PLST.IDX   -1 = Return-code U-Befehl                    
21.01.105 18:04:27 |H PLST                                                    
21.01.105 18:07:02 |H   PLST @  0 #M65535 #B  705 Q    0 L0                   
21.01.105 18:07:03 |H   PLST @  0 #M65535 #B  705 Q    0 L0                   
21.01.105 18:07:03 |                       SWCom  END<<<<<<<<<<<<<<<<<<<      
21.01.105 18:14:02 |    >>>>>>>>>>>>>>>>>>>>SWCom START                       
21.01.105 18:14:02 |D 2,S,1,19200,8,1,N, ,,O,N,UHR,25,C,3,0,0,0,0,0,1,0,0,0,0,
21.01.105 18:14:02 |0                                                         
21.01.105 18:14:03 |P PASSW  @  8 #M    1 #B    1 Q    0 L0                   
21.01.105 18:14:03 |N    UHR @  0 #M    1 #B    1 Q    0 L0                   
21.01.105 18:14:03 |S PLST                                                    
21.01.105 18:14:03 |S S PLST    [SL PLST]   /* Kassen - Stammdaten            
21.01.105 18:14:03 |SL PLST                                                   
21.01.105 18:16:39 |S   PLST @  0 #M  705 #B  705 Q    0 L0                   
21.01.105 18:16:39 |S   PLST @  0 #M  705 #B  705 Q    0 L0                   
21.01.105 18:16:39 |                       SWCom  END<<<<<<<<<<<<<<<<<<<      
21.01.105 18:29:10 |    >>>>>>>>>>>>>>>>>>>>SWCom START                       
21.01.105 18:29:10 |D 2,S,1,19200,8,1,N, ,,O,N,UHR,25,C,3,0,0,0,0,0,1,0,0,0,0,
21.01.105 18:29:10 |0                                                         
21.01.105 18:29:10 |P PASSW  @  8 #M    1 #B    1 Q    0 L0                   
21.01.105 18:29:10 |N    UHR @  0 #M    1 #B    1 Q    0 L0                   
21.01.105 18:29:10 |H PLST                                                    
21.01.105 18:29:10 |S H PLST    [U PLST] [U PLST.IDX] [H PLST]        /* PLU- 
21.01.105 18:29:10 |U PLST                                                    
21.01.105 18:29:10 |U PLST   0 = Return-code U-Befehl                         
21.01.105 18:29:10 |U PLST.IDX                                                
21.01.105 18:29:10 |U PLST.IDX   -1 = Return-code U-Befehl                    
21.01.105 18:29:10 |H PLST                                                    
21.01.105 18:31:46 |H   PLST @  0 #M65535 #B  705 Q    0 L0                   
21.01.105 18:31:47 |H   PLST @  0 #M65535 #B  705 Q    0 L0                   
21.01.105 18:31:47 |                       SWCom  END<<<<<<<<<<<<<<<<<<<      
02.02.105 10:12:01 |    >>>>>>>>>>>>>>>>>>>>SWCom START                       
02.02.105 10:12:01 |D 2,S,1,19200,8,1,N, ,,O,N,UHR,25,C,3,0,0,0,0,0,1,0,0,0,0,
02.02.105 10:12:01 |0                                                         
02.02.105 10:12:02 |P PASSW  @  8 #M    1 #B    1 Q    0 L0                   
02.02.105 10:12:02 |N    UHR @  0 #M    1 #B    1 Q    0 L0                   
02.02.105 10:12:02 |S PLST                                                    
02.02.105 10:12:02 |S S PLST    [SL PLST]   /* Kassen - Stammdaten            
02.02.105 10:12:02 |SL PLST                                                   
02.02.105 10:14:38 |S   PLST @  0 #M  705 #B  705 Q    0 L0                   
02.02.105 10:14:38 |S   PLST @  0 #M  705 #B  705 Q    0 L0                   
02.02.105 10:14:38 |                       SWCom  END<<<<<<<<<<<<<<<<<<<      
02.02.105 13:47:09 |    >>>>>>>>>>>>>>>>>>>>SWCom START                       
02.02.105 13:47:09 |D 2,S,1,19200,8,1,N, ,,O,N,UHR,25,C,3,0,0,0,0,0,1,0,0,0,0,
02.02.105 13:47:09 |0                                                         
02.02.105 13:47:10 |P PASSW  @  8 #M    1 #B    1 Q    0 L0                   
02.02.105 13:47:10 |N    UHR @  0 #M    1 #B    1 Q    0 L0                   
02.02.105 13:47:10 |H PLST                                                    
02.02.105 13:47:10 |S H PLST    [U PLST] [U PLST.IDX] [H PLST]        /* PLU- 
02.02.105 13:47:10 |U PLST                                                    
02.02.105 13:47:10 |U PLST   0 = Return-code U-Befehl                         
02.02.105 13:47:10 |U PLST.IDX                                                
02.02.105 13:47:10 |U PLST.IDX   -1 = Return-code U-Befehl                    
02.02.105 13:47:10 |H PLST                                                    
02.02.105 13:49:44 |H   PLST @  0 #M65535 #B  705 Q    0 L0                   
02.02.105 13:49:44 |H   PLST @  0 #M65535 #B  705 Q    0 L0                   
02.02.105 13:49:44 |                       SWCom  END<<<<<<<<<<<<<<<<<<<      
02.02.105 13:56:41 |    >>>>>>>>>>>>>>>>>>>>SWCom START                       
02.02.105 13:56:41 |D 2,S,1,19200,8,1,N, ,,O,N,UHR,25,C,3,0,0,0,0,0,1,0,0,0,0,
02.02.105 13:56:41 |0                                                         
02.02.105 13:56:41 |P PASSW  @  8 #M    1 #B    1 Q    0 L0                   
02.02.105 13:56:42 |N    UHR @  0 #M    1 #B    1 Q    0 L0                   
02.02.105 13:56:42 |H PLST                                                    
02.02.105 13:56:42 |S H PLST    [U PLST] [U PLST.IDX] [H PLST]        /* PLU- 
02.02.105 13:56:42 |U PLST                                                    
02.02.105 13:56:42 |U PLST   0 = Return-code U-Befehl                         
02.02.105 13:56:42 |U PLST.IDX                                                
02.02.105 13:56:42 |U PLST.IDX   -1 = Return-code U-Befehl                    
02.02.105 13:56:42 |H PLST                                                    
02.02.105 13:59:16 |H   PLST @  0 #M65535 #B  705 Q    0 L0                   
02.02.105 13:59:16 |H   PLST @  0 #M65535 #B  705 Q    0 L0                   
02.02.105 13:59:16 |                       SWCom  END<<<<<<<<<<<<<<<<<<<      
02.02.105 18:59:13 |    >>>>>>>>>>>>>>>>>>>>SWCom START                       
02.02.105 18:59:13 |D 2,S,1,19200,8,1,N, ,,O,N,UHR,25,C,3,0,0,0,0,0,1,0,0,0,0,
02.02.105 18:59:13 |0                                                         
02.02.105 18:59:13 |P PASSW  @  8 #M    1 #B    1 Q    0 L0                   
02.02.105 18:59:13 |N    UHR @  0 #M    1 #B    1 Q    0 L0                   
02.02.105 18:59:13 |H PLST                                                    
02.02.105 18:59:13 |S H PLST    [U PLST] [U PLST.IDX] [H PLST]        /* PLU- 
02.02.105 18:59:13 |U PLST                                                    
02.02.105 18:59:13 |U PLST   0 = Return-code U-Befehl                         
02.02.105 18:59:13 |U PLST.IDX                                                
02.02.105 18:59:13 |U PLST.IDX   -1 = Return-code U-Befehl                    
02.02.105 18:59:13 |H PLST                                                    
02.02.105 19:01:49 |H   PLST @  0 #M65535 #B  705 Q    0 L0                   
02.02.105 19:01:49 |H   PLST @  0 #M65535 #B  705 Q    0 L0                   
02.02.105 19:01:49 |                       SWCom  END<<<<<<<<<<<<<<<<<<<      
02.02.105 21:33:10 |    >>>>>>>>>>>>>>>>>>>>SWCom START                       
02.02.105 21:33:10 |D 2,S,1,19200,8,1,N, ,,O,N,UHR,25,C,3,0,0,0,0,0,1,0,0,0,0,
02.02.105 21:33:10 |0                                                         
02.02.105 21:33:10 |P PASSW  @  4 #M    1 #B    1 Q    0 L0                   
02.02.105 21:33:11 |N    UHR @  0 #M    1 #B    1 Q    0 L0                   
02.02.105 21:33:11 |S PLST                                                    
02.02.105 21:33:11 |S S PLST    [SL PLST]   /* Kassen - Stammdaten            
02.02.105 21:33:11 |SL PLST                                                   
02.02.105 21:35:51 |S   PLST @  0 #M  705 #B  705 Q    0 L0                   
02.02.105 21:35:51 |S   PLST @  0 #M  705 #B  705 Q    0 L0                   
02.02.105 21:35:51 |                       SWCom  END<<<<<<<<<<<<<<<<<<<      
16.02.105 20:23:05 |    >>>>>>>>>>>>>>>>>>>>SWCom START                       
16.02.105 20:23:05 |D 2,S,1,19200,8,1,N, ,,O,N,UHR,25,C,3,0,0,0,0,0,1,0,0,0,0,
16.02.105 20:23:05 |0                                                         
16.02.105 20:23:05 |P PASSW  @  6 #M    1 #B    1 Q    0 L0                   
16.02.105 20:23:05 |N    UHR @  0 #M    1 #B    1 Q    0 L0                   
16.02.105 20:23:05 |S PLST                                                    
16.02.105 20:23:05 |S S PLST    [SL PLST]   /* Kassen - Stammdaten            
16.02.105 20:23:05 |SL PLST                                                   
16.02.105 20:25:52 |e PLST   @  0 #M  930 #B  752 Q 4470 L3                   
16.02.105 20:25:52 |S   PLST @  0 #M  930 #B  752 Q 4470 L3                   
16.02.105 20:25:52 |S   PLST @  0 #M  930 #B  752 Q    0 L3                   
16.02.105 20:25:52 |                       SWCom  END<<<<<<<<<<<<<<<<<<<      
02.03.105 13:38:00 |    >>>>>>>>>>>>>>>>>>>>SWCom START                       
02.03.105 13:38:00 |D 2,S,1,19200,8,1,N, ,,O,N,UHR,25,C,3,0,0,0,0,0,1,0,0,0,0,
02.03.105 13:38:00 |0                                                         
02.03.105 13:38:01 |P PASSW  @ 11 #M    1 #B    1 Q    0 L0                   
02.03.105 13:38:01 |N    UHR @  0 #M    1 #B    1 Q    0 L0                   
02.03.105 13:38:01 |S PLST                                                    
02.03.105 13:38:01 |S S PLST    [SL PLST]   /* Kassen - Stammdaten            
02.03.105 13:38:01 |SL PLST                                                   
02.03.105 13:40:52 |e PLST   @  0 #M  930 #B  749 Q 4470 L3                   
02.03.105 13:40:52 |S   PLST @  0 #M  930 #B  749 Q 4470 L3                   
02.03.105 13:40:52 |S   PLST @  0 #M  930 #B  749 Q    0 L3                   
02.03.105 13:40:52 |                       SWCom  END<<<<<<<<<<<<<<<<<<<      
21.03.105 18:52:35 |    >>>>>>>>>>>>>>>>>>>>SWCom START                       
21.03.105 18:52:35 |D 2,S,1,19200,8,1,N, ,,O,N,UHR,25,C,3,0,0,0,0,0,1,0,0,0,0,
21.03.105 18:52:35 |0                                                         
21.03.105 18:52:35 |P PASSW  @ 11 #M    1 #B    1 Q    0 L0                   
21.03.105 18:52:35 |N    UHR @  0 #M    1 #B    1 Q    0 L0                   
21.03.105 18:52:35 |H PLST                                                    
21.03.105 18:52:35 |S H PLST    [U PLST] [U PLST.IDX] [H PLST]        /* PLU- 
21.03.105 18:52:35 |U PLST                                                    
21.03.105 18:52:35 |U PLST   0 = Return-code U-Befehl                         
21.03.105 18:52:35 |U PLST.IDX                                                
21.03.105 18:52:35 |U PLST.IDX   -1 = Return-code U-Befehl                    
21.03.105 18:52:35 |H PLST                                                    
21.03.105 18:55:14 |H   PLST @  0 #M65535 #B  750 Q    0 L0                   
21.03.105 18:55:14 |H   PLST @  0 #M65535 #B  750 Q    0 L0                   
21.03.105 18:55:14 |                       SWCom  END<<<<<<<<<<<<<<<<<<<      
25.07.105 11:25:18 |    >>>>>>>>>>>>>>>>>>>>SWCom START                       
25.07.105 11:25:18 |D 2,S,1,19200,8,1,N, ,,O,N,UHR,25,C,3,0,0,0,0,0,1,0,0,0,0,
25.07.105 11:25:18 |0                                                         
25.07.105 11:25:55 |P PASSW  @  0 #M    1 #B    0 Q25059 L6                   
25.07.105 11:25:55 |>EDV_HDLC Verbindung kann nicht aufgebaut werden          
25.07.105 11:25:55 |P PASSW  @  0 #M    0 #B    0 Q25059 L6                   
25.07.105 11:25:55 |******************************************                
25.07.105 11:25:55 |>SWC_CLE alle offenen >U<-Befehle suchen                  
25.07.105 11:25:55 |>SWC_CLE alle offenen >U<-Befehle ENDE                    
25.07.105 11:25:55 |******************************************                
25.07.105 11:25:55 |                       SWCom  END<<<<<<<<<<<<<<<<<<<      
25.07.105 11:27:06 |    >>>>>>>>>>>>>>>>>>>>SWCom START                       
25.07.105 11:27:06 |D 2,S,1,19200,8,1,N, ,,O,N,UHR,25,C,3,0,0,0,0,0,1,0,0,0,0,
25.07.105 11:27:06 |0                                                         
25.07.105 11:27:06 |P PASSW  @  4 #M    1 #B    1 Q    0 L0                   
25.07.105 11:27:06 |N    UHR @  0 #M    1 #B    1 Q    0 L0                   
25.07.105 11:27:06 |S PLST                                                    
25.07.105 11:27:06 |S S PLST    [SL PLST]   /* Kassen - Stammdaten            
25.07.105 11:27:06 |SL PLST                                                   
25.07.105 11:29:57 |e PLST   @  0 #M  939 #B  751 Q 4470 L3                   
25.07.105 11:29:58 |S   PLST @  0 #M  939 #B  751 Q 4470 L3                   
25.07.105 11:29:58 |S   PLST @  0 #M  939 #B  751 Q    0 L3                   
25.07.105 11:29:58 |                       SWCom  END<<<<<<<<<<<<<<<<<<<      
05.10.105 19:15:08 |    >>>>>>>>>>>>>>>>>>>>SWCom START                       
05.10.105 19:15:08 |D 2,S,1,19200,8,1,N, ,,O,N,UHR,25,C,3,0,0,0,0,0,1,0,0,0,0,
05.10.105 19:15:08 |0                                                         
05.10.105 19:15:09 |P PASSW  @  6 #M    1 #B    1 Q    0 L0                   
05.10.105 19:15:09 |N    UHR @  0 #M    1 #B    1 Q    0 L0                   
05.10.105 19:15:09 |S PLST                                                    
05.10.105 19:15:09 |S S PLST    [SL PLST]   /* Kassen - Stammdaten            
05.10.105 19:15:09 |SL PLST                                                   
05.10.105 19:18:00 |e PLST   @  0 #M  939 #B  751 Q 4470 L3                   
05.10.105 19:18:00 |S   PLST @  0 #M  939 #B  751 Q 4470 L3                   
05.10.105 19:18:01 |S   PLST @  0 #M  939 #B  751 Q    0 L3                   
05.10.105 19:18:01 |                       SWCom  END<<<<<<<<<<<<<<<<<<<      
