Fehlerdatei SWCom

SWCom    : Version      06.21 
           Datum        01.03.99 11:07:24 
           Programm     08394014621 
           Ausfuehrung  SWCom HDLC/A DOS Dateitransfer 
           Kunde                    

23.11.104 20:25:56 |>SWC_BAT Kein Dateiname angegeben,ABBRUCH                 
23.11.104 20:25:56 |SWCom HDLC/A Vers. 6.21  (DEU) 
                          
23.11.104 20:25:56 |Copyright (c) BIZERBA 1999 
                              
23.11.104 20:30:07 |?.ANW>SWC_BAT Datei kann nicht geoeffnet werden,ABBRUCH   
23.11.104 20:30:13 |>SWC_BAT Kein Dateiname angegeben,ABBRUCH                 
23.11.104 20:30:13 |SWCom HDLC/A Vers. 6.21  (DEU) 
                          
23.11.104 20:30:13 |Copyright (c) BIZERBA 1999 
                              
26.11.104 22:28:19 |P PASSW  @  0 #M    1 #B    0 Q25059 L6
26.11.104 22:28:19 |>EDV_HDLC Verbindung kann nicht aufgebaut werden          
26.11.104 22:30:00 |P PASSW  @  0 #M    1 #B    0 Q25059 L6
26.11.104 22:30:00 |>EDV_HDLC Verbindung kann nicht aufgebaut werden          
26.11.104 22:34:16 |P PASSW  @  0 #M    1 #B    0 Q25128 L4
26.11.104 22:34:16 | BREAK-SIGNAL  Abbruch durch Anwender                     
26.11.104 23:04:44 |S ATST   @  0 #M    4 #B    0 Q25111 L3
26.11.104 23:04:44 |S   ATST @  0 #M    4 #B    0 Q25111 L3
11.12.104 13:01:52 |e PLST   @  0 #M    1 #B    1 Q52120 L3
11.12.104 13:01:52 |Licencia inexistente                                      
13.12.104 12:04:57 |>SWC_BAT Kein Dateiname angegeben,ABBRUCH                 
13.12.104 12:04:57 |SWCom HDLC/A Vers. 6.21  (DEU) 
                          
13.12.104 12:04:57 |Copyright (c) BIZERBA 1999 
                              
13.12.104 18:00:11 |>SWC_BAT Kein Dateiname angegeben,ABBRUCH                 
13.12.104 18:00:11 |SWCom HDLC/A Vers. 6.21  (DEU) 
                          
13.12.104 18:00:11 |Copyright (c) BIZERBA 1999 
                              
13.12.104 20:04:24 |>SWC_BAT Kein Dateiname angegeben,ABBRUCH                 
13.12.104 20:04:24 |SWCom HDLC/A Vers. 6.21  (DEU) 
                          
13.12.104 20:04:24 |Copyright (c) BIZERBA 1999 
                              
16.12.104 12:31:51 |N UHR    @  0 #M    1 #B    0 Q25056 L4
16.12.104 12:31:51 |>EDV_HDLC Rahmen in der Warteschlange                     
20.12.104 15:31:09 |pause <= Ungueltiger Befehl in ANW-Datei, IGNORIERT       
20.12.104 17:19:38 |S PLST   @  0 #M    1 #B    0 Q25111 L3
20.12.104 17:20:02 |S PLST   @  0 #M    1 #B    0 Q25111 L3
20.12.104 17:21:21 |S PLST   @  0 #M    1 #B    0 Q25111 L3
20.12.104 17:21:42 |S PLST   @  0 #M    1 #B    0 Q25111 L3
20.12.104 17:21:59 |S PLST   @  0 #M    1 #B    0 Q25111 L3
20.12.104 17:23:50 |S PLST   @  0 #M    2 #B    0 Q25111 L3
20.12.104 17:23:50 |S PLST   @  0 #M    2 #B    0 Q25111 L3
20.12.104 18:23:53 |S PLST   @  0 #M    1 #B    0 Q25111 L3
20.12.104 18:29:23 |S PLST   @  0 #M    1 #B    0 Q25111 L3
20.12.104 18:30:45 |S PLST   @  0 #M    9 #B    0 Q25111 L3
20.12.104 18:30:45 |S PLST   @  0 #M    9 #B    0 Q25111 L3
20.12.104 18:30:46 |S PLST   @  0 #M    9 #B    0 Q25111 L3
20.12.104 18:30:46 |S PLST   @  0 #M    9 #B    0 Q25111 L3
20.12.104 18:30:46 |S PLST   @  0 #M    9 #B    0 Q25111 L3
20.12.104 18:30:46 |S PLST   @  0 #M    9 #B    0 Q25111 L3
20.12.104 18:30:46 |S PLST   @  0 #M    9 #B    0 Q25111 L3
20.12.104 18:30:46 |S PLST   @  0 #M    9 #B    0 Q25111 L3
20.12.104 18:30:46 |S PLST   @  0 #M    9 #B    0 Q25111 L3
20.12.104 18:30:46 |S PLST   @  0 #M    9 #B    0 Q25111 L3
20.12.104 18:30:46 |S PLST   @  0 #M    9 #B    0 Q25111 L3
20.12.104 18:30:46 |S PLST   @  0 #M    9 #B    0 Q25111 L3
20.12.104 18:30:47 |S PLST   @  0 #M    9 #B    0 Q25111 L3
20.12.104 18:30:47 |S PLST   @  0 #M    9 #B    0 Q25111 L3
20.12.104 18:30:47 |S PLST   @  0 #M    9 #B    0 Q25111 L3
20.12.104 18:30:47 |S PLST   @  0 #M    9 #B    0 Q25111 L3
20.12.104 18:31:37 |S PLST   @  0 #M    1 #B    0 Q25111 L3
20.12.104 18:32:46 |S PLST   @  0 #M    1 #B    0 Q25111 L3
20.12.104 18:33:05 |S PLST   @  0 #M    1 #B    0 Q25111 L3
20.12.104 18:36:28 |S PLST   @  0 #M    1 #B    0 Q25111 L3
20.12.104 18:36:45 |S PLST   @  0 #M    1 #B    0 Q25111 L3
21.01.105 15:17:26 |P PASSW  @  0 #M    1 #B    0 Q25059 L6
21.01.105 15:17:26 |>EDV_HDLC Verbindung kann nicht aufgebaut werden          
16.02.105 20:25:52 |e PLST   @  0 #M  930 #B  752 Q 4470 L3
02.03.105 13:40:52 |e PLST   @  0 #M  930 #B  749 Q 4470 L3
25.07.105 11:25:55 |P PASSW  @  0 #M    1 #B    0 Q25059 L6
25.07.105 11:25:55 |>EDV_HDLC Verbindung kann nicht aufgebaut werden          
25.07.105 11:29:57 |e PLST   @  0 #M  939 #B  751 Q 4470 L3
05.10.105 19:18:00 |e PLST   @  0 #M  939 #B  751 Q 4470 L3
